<?xml version="1.0" encoding="UTF-8"?>
<!-- Generated by org.testng.reporters.JUnitReportReporter -->
<testsuite hostname="PUNL6Q7X3M2" name="com.project.Automation.TC_001" tests="1" failures="0" timestamp="18 Nov 2018 14:50:23 GMT" time="102.720" errors="0">
  <testcase name="Amazonsearch" time="102.720" classname="com.project.Automation.TC_001"/>
</testsuite> <!-- com.project.Automation.TC_001 -->
