<?xml version="1.0" encoding="UTF-8"?>
<!-- Generated by org.testng.reporters.JUnitReportReporter -->
<testsuite hostname="PUNL6Q7X3M2" name="com.project.Automation.TC_001" tests="1" failures="0" timestamp="20 Nov 2018 19:47:15 GMT" time="26.202" errors="0">
  <testcase name="Amazonsearch" time="26.202" classname="com.project.Automation.TC_001"/>
</testsuite> <!-- com.project.Automation.TC_001 -->
